Unity Editor version:    2020.3.30f1 (1fb1bf06830e)
Branch:                  2020.3/staging
Build type:              Release
Batch mode:              YES
macOS version:           Version 12.0.1 (Build 21A559)
Darwin version:          21.1.0
Architecture:            x86_64
Running under Rosetta:   YES
Available memory:        8192 MB
Using pre-set license
Pro License: NO

COMMAND LINE ARGUMENTS:
/Applications/Unity/Hub/Editor/2020.3.30f1/Unity.app/Contents/MacOS/Unity
-adb2
-batchMode
-noUpm
-name
AssetImportWorker0
-projectPath
/Users/akaashkashyap/DataIsScary
-logFile
Logs/AssetImportWorker0.log
-srvPort
55962
Successfully changed project path to: /Users/akaashkashyap/DataIsScary
/Users/akaashkashyap/DataIsScary
Using Asset Import Pipeline V2.
Refreshing native plugins compatible for Editor in 34.70 ms, found 2 plugins.
Preloading 0 native plugins for Editor in 0.00 ms.
Initialize engine version: 2020.3.30f1 (1fb1bf06830e)
[Subsystems] Discovering subsystems at path /Applications/Unity/Hub/Editor/2020.3.30f1/Unity.app/Contents/Resources/UnitySubsystems
[Subsystems] Discovering subsystems at path /Users/akaashkashyap/DataIsScary/Assets
GfxDevice: creating device client; threaded=0
2022-02-26 10:31:59.638 Unity[44177:1284383] (null) preferred device: Apple M1 (high power)
2022-02-26 10:31:59.638 Unity[44177:1284383] Metal devices available: 1
2022-02-26 10:31:59.638 Unity[44177:1284383] 0: Apple M1 (high power)
2022-02-26 10:31:59.639 Unity[44177:1284383] Using device Apple M1 (high power)
Initializing Metal device caps: Apple M1
Initialize mono
Mono path[0] = '/Applications/Unity/Hub/Editor/2020.3.30f1/Unity.app/Contents/Managed'
Mono path[1] = '/Applications/Unity/Hub/Editor/2020.3.30f1/Unity.app/Contents/MonoBleedingEdge/lib/mono/unityjit'
Mono config path = '/Applications/Unity/Hub/Editor/2020.3.30f1/Unity.app/Contents/MonoBleedingEdge/etc'
Using monoOptions --debugger-agent=transport=dt_socket,embedding=1,server=y,suspend=n,address=127.0.0.1:56177
Begin MonoManager ReloadAssembly
Registering precompiled unity dll's ...
Register platform support module: /Applications/Unity/Hub/Editor/2020.3.30f1/PlaybackEngines/WebGLSupport/UnityEditor.WebGL.Extensions.dll
Register platform support module: /Applications/Unity/Hub/Editor/2020.3.30f1/Unity.app/Contents/PlaybackEngines/MacStandaloneSupport/UnityEditor.OSXStandalone.Extensions.dll
Registered in 0.005472 seconds.
Native extension for OSXStandalone target not found
Native extension for WebGL target not found
Refreshing native plugins compatible for Editor in 33.23 ms, found 2 plugins.
Preloading 0 native plugins for Editor in 0.00 ms.
Mono: successfully reloaded assembly
- Completed reload, in  1.245 seconds
Domain Reload Profiling:
	ReloadAssembly (1245ms)
		BeginReloadAssembly (104ms)
			ExecutionOrderSort (0ms)
			DisableScriptedObjects (0ms)
			BackupInstance (0ms)
			ReleaseScriptingObjects (0ms)
			CreateAndSetChildDomain (3ms)
		EndReloadAssembly (1008ms)
			LoadAssemblies (102ms)
			RebuildTransferFunctionScriptingTraits (0ms)
			SetupTypeCache (178ms)
			ReleaseScriptCaches (0ms)
			RebuildScriptCaches (42ms)
			SetupLoadedEditorAssemblies (500ms)
				LogAssemblyErrors (0ms)
				InitializePlatformSupportModulesInManaged (13ms)
				SetLoadedEditorAssemblies (0ms)
				RefreshPlugins (33ms)
				BeforeProcessingInitializeOnLoad (31ms)
				ProcessInitializeOnLoadAttributes (321ms)
				ProcessInitializeOnLoadMethodAttributes (100ms)
				AfterProcessingInitializeOnLoad (0ms)
				EditorAssembliesLoaded (1ms)
			ExecutionOrderSort2 (0ms)
			AwakeInstancesAfterBackupRestoration (0ms)
Platform modules already initialized, skipping
Registering precompiled user dll's ...
Registered in 0.002727 seconds.
Begin MonoManager ReloadAssembly
Native extension for OSXStandalone target not found
Native extension for WebGL target not found
Refreshing native plugins compatible for Editor in 0.38 ms, found 2 plugins.
Preloading 0 native plugins for Editor in 0.00 ms.
Mono: successfully reloaded assembly
- Completed reload, in  2.107 seconds
Domain Reload Profiling:
	ReloadAssembly (2108ms)
		BeginReloadAssembly (283ms)
			ExecutionOrderSort (0ms)
			DisableScriptedObjects (34ms)
			BackupInstance (0ms)
			ReleaseScriptingObjects (0ms)
			CreateAndSetChildDomain (37ms)
		EndReloadAssembly (1727ms)
			LoadAssemblies (199ms)
			RebuildTransferFunctionScriptingTraits (0ms)
			SetupTypeCache (298ms)
			ReleaseScriptCaches (1ms)
			RebuildScriptCaches (51ms)
			SetupLoadedEditorAssemblies (941ms)
				LogAssemblyErrors (0ms)
				InitializePlatformSupportModulesInManaged (17ms)
				SetLoadedEditorAssemblies (1ms)
				RefreshPlugins (0ms)
				BeforeProcessingInitializeOnLoad (186ms)
				ProcessInitializeOnLoadAttributes (706ms)
				ProcessInitializeOnLoadMethodAttributes (29ms)
				AfterProcessingInitializeOnLoad (1ms)
				EditorAssembliesLoaded (0ms)
			ExecutionOrderSort2 (0ms)
			AwakeInstancesAfterBackupRestoration (30ms)
Platform modules already initialized, skipping
Validating Project structure ... 0.001066 seconds.
Shader import version has changed; will reimport all shaders...
Upgrading shader files ...0.000371 seconds.
Application.AssetDatabase Initial Script Refresh Start
RefreshInfo: InitialScriptRefreshV2(NoUpdateAssetOptions) scanfilter:  ... 1 filters
RefreshProfiler: Total: 0.000ms
Application.AssetDatabase Initial Script Refresh End
Application.AssetDatabase.Refresh Start
Application.AssetDatabase.Refresh End
RefreshInfo: StopAssetImportingV2(ForceSynchronousImport) scanfilter: 
RefreshProfiler: Total: 0.000ms
Launching external process: /Applications/Unity/Hub/Editor/2020.3.30f1/Unity.app/Contents/Tools/UnityShaderCompiler
Launched and connected shader compiler UnityShaderCompiler after 0.02 seconds
Initializing Unity extensions:
2022-02-26 10:32:03.992 Unity[44177:1284383] NSEventModifierFlagFunction specified to -setKeyEquivalentModifierMask: for item <NSMenuItem: 0x6000021ae530 Font Asset, ke='Command-F12'>, but is only supported for system-provided menu items; will not be used
2022-02-26 10:32:03.995 Unity[44177:1284383] NSEventModifierFlagFunction specified to -setKeyEquivalentModifierMask: for item <NSMenuItem: 0x6000021bc700 Font Asset, ke='Command-F12'>, but is only supported for system-provided menu items; will not be used
========================================================================
Worker process is ready to serve import requests
Refreshing native plugins compatible for Editor in 0.36 ms, found 2 plugins.
Preloading 0 native plugins for Editor in 0.00 ms.
Unloading 1607 Unused Serialized files (Serialized files now loaded: 0)
System memory in use before: 285.6 MB.
System memory in use after: 284.8 MB.

Unloading 92 unused Assets to reduce memory usage. Loaded Objects now: 2074.
Total: 2.345500 ms (FindLiveObjects: 0.077250 ms CreateObjectMapping: 0.030833 ms MarkObjects: 1.826792 ms  DeleteObjects: 0.409875 ms)

AssetImportParameters requested are different than current active one (requested -> active):
  custom:video-decoder-ogg-theora: a1e56fd34408186e4bbccfd4996cb3dc -> 
  custom:container-muxer-webm: aa71ff27fc2769a1b78a27578f13a17b -> 
  custom:container-demuxer-webm: 4f35f7cbe854078d1ac9338744f61a02 -> 
  custom:container-demuxer-ogg: 62fdf1f143b41e24485cea50d1cbac27 -> 
  custom:video-encoder-webm-vp8: eb34c28f22e8b96e1ab97ce403110664 -> 
  custom:framework-osx-AVFoundation: e770b220cccbd017edd2c1fefb359320 -> 
  custom:video-decoder-webm-vp8: 9c59270c3fd7afecdb556c50c9e8de78 -> 
  custom:audio-decoder-ogg-vorbis: bf7c407c2cedff20999df2af8eb42d56 -> 
  custom:audio-encoder-webm-vorbis: bf7c407c2cedff20999df2af8eb42d56 -> 
========================================================================
Received Import Request.
  path: Assets/Materials/FloorDirt.mat
  artifactKey: Guid(21235a106b8ba4e0f8a39993207a6a43) Importer(815301076,1909f56bfc062723c751e8b465ee728b)
Start importing Assets/Materials/FloorDirt.mat using Guid(21235a106b8ba4e0f8a39993207a6a43) Importer(815301076,1909f56bfc062723c751e8b465ee728b)  -> (artifact id: '7b9a64b1916a504b0200a79920c4db63') in 0.812619 seconds 
========================================================================
Received Import Request.
  Time since last request: 909.537976 seconds.
  path: Assets/Scripts/CapsuleScript.cs
  artifactKey: Guid(8276fe0bf89cc44938e864b44c5d5973) Importer(815301076,1909f56bfc062723c751e8b465ee728b)
Start importing Assets/Scripts/CapsuleScript.cs using Guid(8276fe0bf89cc44938e864b44c5d5973) Importer(815301076,1909f56bfc062723c751e8b465ee728b)  -> (artifact id: '41ab85c1669d06bd33888e7a22d8175f') in 0.149252 seconds 
========================================================================
Received Import Request.
  Time since last request: 404.928871 seconds.
  path: Assets/Scripts/CapsuleScript.cs
  artifactKey: Guid(8276fe0bf89cc44938e864b44c5d5973) Importer(815301076,1909f56bfc062723c751e8b465ee728b)
Start importing Assets/Scripts/CapsuleScript.cs using Guid(8276fe0bf89cc44938e864b44c5d5973) Importer(815301076,1909f56bfc062723c751e8b465ee728b)  -> (artifact id: 'a1b7a5469a1b66d9dc1d3dc1b20d6629') in 0.008598 seconds 
========================================================================
Received Import Request.
  Time since last request: 1148.320873 seconds.
  path: Assets/Scripts/CapsuleScript.cs
  artifactKey: Guid(8276fe0bf89cc44938e864b44c5d5973) Importer(815301076,1909f56bfc062723c751e8b465ee728b)
Start importing Assets/Scripts/CapsuleScript.cs using Guid(8276fe0bf89cc44938e864b44c5d5973) Importer(815301076,1909f56bfc062723c751e8b465ee728b)  -> (artifact id: '83b793c0d948d372c48a3c68c30c1aa0') in 0.009392 seconds 
